#
# There is insufficient memory for the Java Runtime Environment to continue.
# Native memory allocation (malloc) failed to allocate 1344128 bytes. Error detail: Chunk::new
# Possible reasons:
#   The system is out of physical RAM or swap space
#   This process is running with CompressedOops enabled, and the Java Heap may be blocking the growth of the native heap
# Possible solutions:
#   Reduce memory load on the system
#   Increase physical memory or swap space
#   Check if swap backing store is full
#   Decrease Java heap size (-Xmx/-Xms)
#   Decrease number of Java threads
#   Decrease Java thread stack sizes (-Xss)
#   Set larger code cache with -XX:ReservedCodeCacheSize=
#   JVM is running with Unscaled Compressed Oops mode in which the Java heap is
#     placed in the first 4GB address space. The Java Heap base address is the
#     maximum limit for the native heap growth. Please use -XX:HeapBaseMinAddress
#     to set the Java Heap base and to place the Java Heap above 4GB virtual address.
# This output file may be truncated or incomplete.
#
#  Out of Memory Error (arena.cpp:168), pid=16684, tid=13992
#
# JRE version: OpenJDK Runtime Environment Temurin-21.0.10+7 (21.0.10+7) (build 21.0.10+7-LTS)
# Java VM: OpenJDK 64-Bit Server VM Temurin-21.0.10+7 (21.0.10+7-LTS, mixed mode, sharing, tiered, compressed oops, compressed class ptrs, parallel gc, windows-amd64)
# No core dump will be written. Minidumps are not enabled by default on client versions of Windows
#

---------------  S U M M A R Y ------------

Command Line: --add-modules=ALL-SYSTEM --add-opens=java.base/java.util=ALL-UNNAMED --add-opens=java.base/java.lang=ALL-UNNAMED --add-opens=java.base/sun.nio.fs=ALL-UNNAMED -Declipse.application=org.eclipse.jdt.ls.core.id1 -Dosgi.bundles.defaultStartLevel=4 -Declipse.product=org.eclipse.jdt.ls.core.product -Djava.import.generatesMetadataFilesAtProjectRoot=false -DDetectVMInstallationsJob.disabled=true -Dfile.encoding=utf8 -XX:+UseParallelGC -XX:GCTimeRatio=4 -XX:AdaptiveSizePolicyWeight=90 -Dsun.zip.disableMemoryMapping=true -Xmx2G -Xms100m -Xlog:disable -javaagent:c:\Users\Dell\.vscode\extensions\redhat.java-1.53.0-win32-x64\lombok\lombok-1.18.39-4050.jar -XX:+HeapDumpOnOutOfMemoryError -XX:HeapDumpPath=c:\Users\Dell\AppData\Roaming\Code\User\workspaceStorage\60503ddf47c8d823d6f766ead4390854\redhat.java -Daether.dependencyCollector.impl=bf c:\Users\Dell\.vscode\extensions\redhat.java-1.53.0-win32-x64\server\plugins\org.eclipse.equinox.launcher_1.7.100.v20251111-0406.jar -configuration c:\Users\Dell\AppData\Roaming\Code\User\globalStorage\redhat.java\1.53.0\config_win -data c:\Users\Dell\AppData\Roaming\Code\User\workspaceStorage\60503ddf47c8d823d6f766ead4390854\redhat.java\jdt_ws --pipe=\\.\pipe\lsp-75f622f979bf6209890ee6ce84447017-sock

Host: Intel(R) Core(TM) i3-6006U CPU @ 2.00GHz, 4 cores, 3G,  Windows 10 , 64 bit Build 19041 (10.0.19041.5915)
Time: Wed Apr 15 10:33:20 2026 India Standard Time elapsed time: 1613.715393 seconds (0d 0h 26m 53s)

---------------  T H R E A D  ---------------

Current thread (0x00000206cdc4f310):  JavaThread "C2 CompilerThread0" daemon [_thread_in_native, id=13992, stack(0x0000005274a00000,0x0000005274b00000) (1024K)]


Current CompileTask:
C2:1613715 11516       4       org.jetbrains.java.decompiler.modules.decompiler.sforms.SSAUConstructorSparseEx::processExprent (1657 bytes)

Stack: [0x0000005274a00000,0x0000005274b00000]
Native frames: (J=compiled Java code, j=interpreted, Vv=VM code, C=native code)
V  [jvm.dll+0x6d7a39]
V  [jvm.dll+0x8b4b26]
V  [jvm.dll+0x8b70de]
V  [jvm.dll+0x8b77c3]
V  [jvm.dll+0x284346]
V  [jvm.dll+0xc66ed]
V  [jvm.dll+0xc6c31]
V  [jvm.dll+0x3bec3b]
V  [jvm.dll+0x38b162]
V  [jvm.dll+0x38a5aa]
V  [jvm.dll+0x24c560]
V  [jvm.dll+0x24bb40]
V  [jvm.dll+0x1cb34e]
V  [jvm.dll+0x25b85d]
V  [jvm.dll+0x259dea]
V  [jvm.dll+0x3f857e]
V  [jvm.dll+0x85f59d]
V  [jvm.dll+0x6d626d]
C  [ucrtbase.dll+0x21bb2]
C  [KERNEL32.DLL+0x17374]
C  [ntdll.dll+0x4cc91]


---------------  P R O C E S S  ---------------

Threads class SMR info:
_java_thread_list=0x0000020716c37130, length=34, elements={
0x00000206b724fb20, 0x00000206cdc3d6d0, 0x00000206cdc3efe0, 0x00000206cdc408f0,
0x00000206cdc418b0, 0x00000206cdc43d90, 0x00000206cdc4adb0, 0x00000206cdc4f310,
0x00000206cdc50600, 0x000002070faf9e00, 0x000002070fb173a0, 0x0000020714174ba0,
0x0000020714120fe0, 0x000002070fb7a240, 0x000002070fb7a8b0, 0x000002070fd8c450,
0x0000020714aef8d0, 0x00000207143f8870, 0x000002070fbc2c30, 0x000002070fbc3fe0,
0x0000020714b48770, 0x0000020714b44c60, 0x0000020714b46d30, 0x0000020714b49490,
0x0000020714b48e00, 0x0000020714b480e0, 0x0000020714b4aed0, 0x0000020714b43f40,
0x0000020714b4b560, 0x0000020714b47a50, 0x0000020714b473c0, 0x0000020714b49b20,
0x0000020714b4a1b0, 0x0000020714b4a840
}

Java Threads: ( => current thread )
  0x00000206b724fb20 JavaThread "main"                              [_thread_blocked, id=11120, stack(0x0000005273f00000,0x0000005274000000) (1024K)]
  0x00000206cdc3d6d0 JavaThread "Reference Handler"          daemon [_thread_blocked, id=6576, stack(0x0000005274400000,0x0000005274500000) (1024K)]
  0x00000206cdc3efe0 JavaThread "Finalizer"                  daemon [_thread_blocked, id=18324, stack(0x0000005274500000,0x0000005274600000) (1024K)]
  0x00000206cdc408f0 JavaThread "Signal Dispatcher"          daemon [_thread_blocked, id=2928, stack(0x0000005274600000,0x0000005274700000) (1024K)]
  0x00000206cdc418b0 JavaThread "Attach Listener"            daemon [_thread_blocked, id=15580, stack(0x0000005274700000,0x0000005274800000) (1024K)]
  0x00000206cdc43d90 JavaThread "Service Thread"             daemon [_thread_blocked, id=11736, stack(0x0000005274800000,0x0000005274900000) (1024K)]
  0x00000206cdc4adb0 JavaThread "Monitor Deflation Thread"   daemon [_thread_blocked, id=1668, stack(0x0000005274900000,0x0000005274a00000) (1024K)]
=>0x00000206cdc4f310 JavaThread "C2 CompilerThread0"         daemon [_thread_in_native, id=13992, stack(0x0000005274a00000,0x0000005274b00000) (1024K)]
  0x00000206cdc50600 JavaThread "C1 CompilerThread0"         daemon [_thread_blocked, id=9028, stack(0x0000005274b00000,0x0000005274c00000) (1024K)]
  0x000002070faf9e00 JavaThread "Common-Cleaner"             daemon [_thread_blocked, id=15296, stack(0x0000005274c00000,0x0000005274d00000) (1024K)]
  0x000002070fb173a0 JavaThread "Notification Thread"        daemon [_thread_blocked, id=10860, stack(0x0000005274d00000,0x0000005274e00000) (1024K)]
  0x0000020714174ba0 JavaThread "Active Thread: Equinox Container: fd8f1f5c-fe17-47f6-a2ea-3fae9b214385"        [_thread_blocked, id=14084, stack(0x0000005275100000,0x0000005275200000) (1024K)]
  0x0000020714120fe0 JavaThread "Refresh Thread: Equinox Container: fd8f1f5c-fe17-47f6-a2ea-3fae9b214385" daemon [_thread_blocked, id=7840, stack(0x0000005275300000,0x0000005275400000) (1024K)]
  0x000002070fb7a240 JavaThread "Framework Event Dispatcher: Equinox Container: fd8f1f5c-fe17-47f6-a2ea-3fae9b214385" daemon [_thread_blocked, id=18688, stack(0x0000005275200000,0x0000005275300000) (1024K)]
  0x000002070fb7a8b0 JavaThread "Start Level: Equinox Container: fd8f1f5c-fe17-47f6-a2ea-3fae9b214385" daemon [_thread_blocked, id=11956, stack(0x0000005275400000,0x0000005275500000) (1024K)]
  0x000002070fd8c450 JavaThread "Bundle File Closer"         daemon [_thread_blocked, id=10356, stack(0x0000005275500000,0x0000005275600000) (1024K)]
  0x0000020714aef8d0 JavaThread "SCR Component Actor"        daemon [_thread_blocked, id=17576, stack(0x0000005273e00000,0x0000005273f00000) (1024K)]
  0x00000207143f8870 JavaThread "Worker-JM"                         [_thread_blocked, id=13268, stack(0x0000005274300000,0x0000005274400000) (1024K)]
  0x000002070fbc2c30 JavaThread "JNA Cleaner"                daemon [_thread_blocked, id=648, stack(0x0000005275600000,0x0000005275700000) (1024K)]
  0x000002070fbc3fe0 JavaThread "Java indexing"              daemon [_thread_blocked, id=14860, stack(0x0000005275900000,0x0000005275a00000) (1024K)]
  0x0000020714b48770 JavaThread "Worker-3"                          [_thread_blocked, id=6956, stack(0x0000005275e00000,0x0000005275f00000) (1024K)]
  0x0000020714b44c60 JavaThread "Thread-1"                   daemon [_thread_in_native, id=13324, stack(0x0000005276000000,0x0000005276100000) (1024K)]
  0x0000020714b46d30 JavaThread "Thread-2"                   daemon [_thread_in_native, id=7516, stack(0x0000005276100000,0x0000005276200000) (1024K)]
  0x0000020714b49490 JavaThread "Thread-3"                   daemon [_thread_in_native, id=19956, stack(0x0000005276200000,0x0000005276300000) (1024K)]
  0x0000020714b48e00 JavaThread "Thread-4"                   daemon [_thread_in_native, id=10704, stack(0x0000005276300000,0x0000005276400000) (1024K)]
  0x0000020714b480e0 JavaThread "Thread-5"                   daemon [_thread_in_native, id=14388, stack(0x0000005276400000,0x0000005276500000) (1024K)]
  0x0000020714b4aed0 JavaThread "pool-2-thread-1"                   [_thread_blocked, id=17092, stack(0x0000005276500000,0x0000005276600000) (1024K)]
  0x0000020714b43f40 JavaThread "WorkspaceEventsHandler"            [_thread_blocked, id=15404, stack(0x0000005276600000,0x0000005276700000) (1024K)]
  0x0000020714b4b560 JavaThread "pool-1-thread-1"                   [_thread_blocked, id=4420, stack(0x0000005276700000,0x0000005276800000) (1024K)]
  0x0000020714b47a50 JavaThread "Cleaner-0"                  daemon [_thread_blocked, id=8240, stack(0x0000005276c00000,0x0000005276d00000) (1024K)]
  0x0000020714b473c0 JavaThread "ForkJoinPool.commonPool-worker-4" daemon [_thread_blocked, id=1188, stack(0x0000005273d00000,0x0000005273e00000) (1024K)]
  0x0000020714b49b20 JavaThread "ForkJoinPool.commonPool-worker-5" daemon [_thread_in_vm, id=2992, stack(0x0000005275700000,0x0000005275800000) (1024K)]
  0x0000020714b4a1b0 JavaThread "ForkJoinPool.commonPool-worker-6" daemon [_thread_in_Java, id=5812, stack(0x0000005275800000,0x0000005275900000) (1024K)]
  0x0000020714b4a840 JavaThread "Worker-6"                          [_thread_blocked, id=20096, stack(0x0000005275a00000,0x0000005275b00000) (1024K)]
Total: 34

Other Threads:
  0x00000206cdc20620 VMThread "VM Thread"                           [id=10556, stack(0x0000005274200000,0x0000005274300000) (1024K)]
  0x00000206cdb91c40 WatcherThread "VM Periodic Task Thread"        [id=8956, stack(0x0000005274100000,0x0000005274200000) (1024K)]
  0x00000206b726dff0 WorkerThread "GC Thread#0"                     [id=17940, stack(0x0000005274000000,0x0000005274100000) (1024K)]
  0x000002070fd37dd0 WorkerThread "GC Thread#1"                     [id=16272, stack(0x0000005274e00000,0x0000005274f00000) (1024K)]
  0x000002070fd210e0 WorkerThread "GC Thread#2"                     [id=13012, stack(0x0000005274f00000,0x0000005275000000) (1024K)]
  0x000002070fd21490 WorkerThread "GC Thread#3"                     [id=13504, stack(0x0000005275000000,0x0000005275100000) (1024K)]
Total: 6

Threads with active compile tasks:
C2 CompilerThread0  1615124 11516       4       org.jetbrains.java.decompiler.modules.decompiler.sforms.SSAUConstructorSparseEx::processExprent (1657 bytes)
Total: 1

VM state: not at safepoint (normal execution)

VM Mutex/Monitor currently owned by a thread: None

Heap address: 0x0000000080000000, size: 2048 MB, Compressed Oops mode: 32-bit

CDS archive(s) mapped at: [0x00000206ce000000-0x00000206ceba0000-0x00000206ceba0000), size 12189696, SharedBaseAddress: 0x00000206ce000000, ArchiveRelocationMode: 1.
Compressed class space mapped at: 0x00000206cf000000-0x000002070f000000, reserved size: 1073741824
Narrow klass base: 0x00000206ce000000, Narrow klass shift: 0, Narrow klass range: 0x100000000

GC Precious Log:
 CardTable entry size: 512
 CPUs: 4 total, 4 available
 Memory: 3961M
 Large Page Support: Disabled
 NUMA Support: Disabled
 Compressed Oops: Enabled (32-bit)
 Alignments: Space 512K, Generation 512K, Heap 2M
 Heap Min Capacity: 100M
 Heap Initial Capacity: 100M
 Heap Max Capacity: 2G
 Pre-touch: Disabled
 Parallel Workers: 4

Heap:
 PSYoungGen      total 5632K, used 1468K [0x00000000d5580000, 0x00000000d5d80000, 0x0000000100000000)
  eden space 5120K, 23% used [0x00000000d5580000,0x00000000d56a72c0,0x00000000d5a80000)
  from space 512K, 56% used [0x00000000d5d00000,0x00000000d5d48000,0x00000000d5d80000)
  to   space 512K, 0% used [0x00000000d5c80000,0x00000000d5c80000,0x00000000d5d00000)
 ParOldGen       total 395776K, used 395368K [0x0000000080000000, 0x0000000098280000, 0x00000000d5580000)
  object space 395776K, 99% used [0x0000000080000000,0x000000009821a388,0x0000000098280000)
 Metaspace       used 70943K, committed 72384K, reserved 1114112K
  class space    used 7444K, committed 8000K, reserved 1048576K

Card table byte_map: [0x00000206b6c30000,0x00000206b7040000] _byte_map_base: 0x00000206b6830000

Marking Bits: (ParMarkBitMap*) 0x00007ffb5cb03450
 Begin Bits: [0x00000206c9710000, 0x00000206cb710000)
 End Bits:   [0x00000206cb710000, 0x00000206cd710000)

Polling page: 0x00000206b6a20000

Metaspace:

Usage:
  Non-class:     62.01 MB used.
      Class:      7.27 MB used.
       Both:     69.28 MB used.

Virtual space:
  Non-class space:       64.00 MB reserved,      62.88 MB ( 98%) committed,  1 nodes.
      Class space:        1.00 GB reserved,       7.81 MB ( <1%) committed,  1 nodes.
             Both:        1.06 GB reserved,      70.69 MB (  6%) committed. 

Chunk freelists:
   Non-Class:  288.00 KB
       Class:  8.01 MB
        Both:  8.29 MB

MaxMetaspaceSize: unlimited
CompressedClassSpaceSize: 1.00 GB
Initial GC threshold: 21.00 MB
Current GC threshold: 97.31 MB
CDS: on
 - commit_granule_bytes: 65536.
 - commit_granule_words: 8192.
 - virtual_space_node_default_size: 8388608.
 - enlarge_chunks_in_place: 1.
 - use_allocation_guard: 0.


Internal statistics:

num_allocs_failed_limit: 9.
num_arena_births: 1286.
num_arena_deaths: 14.
num_vsnodes_births: 2.
num_vsnodes_deaths: 0.
num_space_committed: 1131.
num_space_uncommitted: 0.
num_chunks_returned_to_freelist: 23.
num_chunks_taken_from_freelist: 4631.
num_chunk_merges: 14.
num_chunk_splits: 2820.
num_chunks_enlarged: 1534.
num_inconsistent_stats: 0.

CodeHeap 'non-profiled nmethods': size=120000Kb used=7594Kb max_used=7594Kb free=112405Kb
 bounds [0x00000206c1f30000, 0x00000206c26a0000, 0x00000206c9460000]
CodeHeap 'profiled nmethods': size=120000Kb used=25989Kb max_used=25989Kb free=94010Kb
 bounds [0x00000206ba460000, 0x00000206bbdd0000, 0x00000206c1990000]
CodeHeap 'non-nmethods': size=5760Kb used=1468Kb max_used=1559Kb free=4291Kb
 bounds [0x00000206c1990000, 0x00000206c1c00000, 0x00000206c1f30000]
CodeCache: size=245760Kb, used=35051Kb, max_used=35142Kb, free=210706Kb
 total_blobs=11579, nmethods=10782, adapters=702, full_count=0
Compilation: enabled, stopped_count=0, restarted_count=0

Compilation events (20 events):
Event: 1613.208 Thread 0x00000206cdc50600 11521       3       org.jetbrains.java.decompiler.util.FastFixedSetFactory$FastFixedSetIterator::hasNext (25 bytes)
Event: 1613.209 Thread 0x00000206cdc50600 nmethod 11521 0x00000206bbd88810 code [0x00000206bbd889c0, 0x00000206bbd88b68]
Event: 1613.209 Thread 0x00000206cdc50600 11520       3       org.jetbrains.java.decompiler.util.FastFixedSetFactory$FastFixedSet::contains (33 bytes)
Event: 1613.210 Thread 0x00000206cdc50600 nmethod 11520 0x00000206bbd88c10 code [0x00000206bbd88e20, 0x00000206bbd895a8]
Event: 1613.214 Thread 0x00000206cdc50600 11522       3       org.jetbrains.java.decompiler.modules.decompiler.exps.ConstExprent::<init> (16 bytes)
Event: 1613.215 Thread 0x00000206cdc50600 nmethod 11522 0x00000206bbd89910 code [0x00000206bbd89b00, 0x00000206bbd89f18]
Event: 1613.275 Thread 0x00000206cdc50600 11526       3       org.jetbrains.java.decompiler.modules.decompiler.stats.DoStatement::getLoopType (13 bytes)
Event: 1613.276 Thread 0x00000206cdc50600 nmethod 11526 0x00000206bbd8a110 code [0x00000206bbd8a2c0, 0x00000206bbd8a440]
Event: 1613.646 Thread 0x00000206cdc50600 11527       3       org.jetbrains.java.decompiler.modules.decompiler.stats.Statement::getPostReversePostOrderList (6 bytes)
Event: 1613.647 Thread 0x00000206cdc50600 nmethod 11527 0x00000206bbd8a510 code [0x00000206bbd8a6c0, 0x00000206bbd8a890]
Event: 1613.678 Thread 0x00000206cdc50600 11528       3       java.util.AbstractList::subList (40 bytes)
Event: 1613.679 Thread 0x00000206cdc50600 nmethod 11528 0x00000206bbd8a990 code [0x00000206bbd8aba0, 0x00000206bbd8b2a8]
Event: 1613.679 Thread 0x00000206cdc50600 11529       3       java.util.AbstractList$RandomAccessSubList::<init> (8 bytes)
Event: 1613.679 Thread 0x00000206cdc50600 nmethod 11529 0x00000206bbd8b510 code [0x00000206bbd8b6c0, 0x00000206bbd8b998]
Event: 1613.679 Thread 0x00000206cdc50600 11530       3       java.util.AbstractList$SubList::<init> (35 bytes)
Event: 1613.680 Thread 0x00000206cdc50600 nmethod 11530 0x00000206bbd8bb10 code [0x00000206bbd8bcc0, 0x00000206bbd8bf30]
Event: 1613.684 Thread 0x00000206cdc50600 11531       3       org.jetbrains.java.decompiler.modules.decompiler.ExprProcessor::canWriteNestedTypeAnnotation (147 bytes)
Event: 1613.690 Thread 0x00000206cdc50600 nmethod 11531 0x00000206bbd8c090 code [0x00000206bbd8c5a0, 0x00000206bbd8ef98]
Event: 1613.690 Thread 0x00000206cdc50600 11532       3       java.util.AbstractList$SubList::size (9 bytes)
Event: 1613.691 Thread 0x00000206cdc50600 nmethod 11532 0x00000206bbd8fd10 code [0x00000206bbd8fee0, 0x00000206bbd90168]

GC Heap History (20 events):
Event: 1609.865 GC heap before
{Heap before GC invocations=253 (full 3):
 PSYoungGen      total 5632K, used 5408K [0x00000000d5580000, 0x00000000d5d80000, 0x0000000100000000)
  eden space 5120K, 100% used [0x00000000d5580000,0x00000000d5a80000,0x00000000d5a80000)
  from space 512K, 56% used [0x00000000d5c80000,0x00000000d5cc8000,0x00000000d5d00000)
  to   space 512K, 0% used [0x00000000d5d00000,0x00000000d5d00000,0x00000000d5d80000)
 ParOldGen       total 393728K, used 393368K [0x0000000080000000, 0x0000000098080000, 0x00000000d5580000)
  object space 393728K, 99% used [0x0000000080000000,0x0000000098026388,0x0000000098080000)
 Metaspace       used 70585K, committed 72000K, reserved 1114112K
  class space    used 7434K, committed 8000K, reserved 1048576K
}
Event: 1609.871 GC heap after
{Heap after GC invocations=253 (full 3):
 PSYoungGen      total 5632K, used 224K [0x00000000d5580000, 0x00000000d5d80000, 0x0000000100000000)
  eden space 5120K, 0% used [0x00000000d5580000,0x00000000d5580000,0x00000000d5a80000)
  from space 512K, 43% used [0x00000000d5d00000,0x00000000d5d38000,0x00000000d5d80000)
  to   space 512K, 0% used [0x00000000d5c80000,0x00000000d5c80000,0x00000000d5d00000)
 ParOldGen       total 393728K, used 393560K [0x0000000080000000, 0x0000000098080000, 0x00000000d5580000)
  object space 393728K, 99% used [0x0000000080000000,0x0000000098056388,0x0000000098080000)
 Metaspace       used 70585K, committed 72000K, reserved 1114112K
  class space    used 7434K, committed 8000K, reserved 1048576K
}
Event: 1610.959 GC heap before
{Heap before GC invocations=254 (full 3):
 PSYoungGen      total 5632K, used 5344K [0x00000000d5580000, 0x00000000d5d80000, 0x0000000100000000)
  eden space 5120K, 100% used [0x00000000d5580000,0x00000000d5a80000,0x00000000d5a80000)
  from space 512K, 43% used [0x00000000d5d00000,0x00000000d5d38000,0x00000000d5d80000)
  to   space 512K, 0% used [0x00000000d5c80000,0x00000000d5c80000,0x00000000d5d00000)
 ParOldGen       total 393728K, used 393560K [0x0000000080000000, 0x0000000098080000, 0x00000000d5580000)
  object space 393728K, 99% used [0x0000000080000000,0x0000000098056388,0x0000000098080000)
 Metaspace       used 70611K, committed 72064K, reserved 1114112K
  class space    used 7434K, committed 8000K, reserved 1048576K
}
Event: 1610.965 GC heap after
{Heap after GC invocations=254 (full 3):
 PSYoungGen      total 5632K, used 448K [0x00000000d5580000, 0x00000000d5d80000, 0x0000000100000000)
  eden space 5120K, 0% used [0x00000000d5580000,0x00000000d5580000,0x00000000d5a80000)
  from space 512K, 87% used [0x00000000d5c80000,0x00000000d5cf0000,0x00000000d5d00000)
  to   space 512K, 0% used [0x00000000d5d00000,0x00000000d5d00000,0x00000000d5d80000)
 ParOldGen       total 393728K, used 393696K [0x0000000080000000, 0x0000000098080000, 0x00000000d5580000)
  object space 393728K, 99% used [0x0000000080000000,0x0000000098078388,0x0000000098080000)
 Metaspace       used 70611K, committed 72064K, reserved 1114112K
  class space    used 7434K, committed 8000K, reserved 1048576K
}
Event: 1611.626 GC heap before
{Heap before GC invocations=255 (full 3):
 PSYoungGen      total 5632K, used 5568K [0x00000000d5580000, 0x00000000d5d80000, 0x0000000100000000)
  eden space 5120K, 100% used [0x00000000d5580000,0x00000000d5a80000,0x00000000d5a80000)
  from space 512K, 87% used [0x00000000d5c80000,0x00000000d5cf0000,0x00000000d5d00000)
  to   space 512K, 0% used [0x00000000d5d00000,0x00000000d5d00000,0x00000000d5d80000)
 ParOldGen       total 393728K, used 393696K [0x0000000080000000, 0x0000000098080000, 0x00000000d5580000)
  object space 393728K, 99% used [0x0000000080000000,0x0000000098078388,0x0000000098080000)
 Metaspace       used 70688K, committed 72128K, reserved 1114112K
  class space    used 7441K, committed 8000K, reserved 1048576K
}
Event: 1611.632 GC heap after
{Heap after GC invocations=255 (full 3):
 PSYoungGen      total 5632K, used 320K [0x00000000d5580000, 0x00000000d5d80000, 0x0000000100000000)
  eden space 5120K, 0% used [0x00000000d5580000,0x00000000d5580000,0x00000000d5a80000)
  from space 512K, 62% used [0x00000000d5d00000,0x00000000d5d50000,0x00000000d5d80000)
  to   space 512K, 0% used [0x00000000d5c80000,0x00000000d5c80000,0x00000000d5d00000)
 ParOldGen       total 394240K, used 393880K [0x0000000080000000, 0x0000000098100000, 0x00000000d5580000)
  object space 394240K, 99% used [0x0000000080000000,0x00000000980a6388,0x0000000098100000)
 Metaspace       used 70688K, committed 72128K, reserved 1114112K
  class space    used 7441K, committed 8000K, reserved 1048576K
}
Event: 1611.906 GC heap before
{Heap before GC invocations=256 (full 3):
 PSYoungGen      total 5632K, used 5440K [0x00000000d5580000, 0x00000000d5d80000, 0x0000000100000000)
  eden space 5120K, 100% used [0x00000000d5580000,0x00000000d5a80000,0x00000000d5a80000)
  from space 512K, 62% used [0x00000000d5d00000,0x00000000d5d50000,0x00000000d5d80000)
  to   space 512K, 0% used [0x00000000d5c80000,0x00000000d5c80000,0x00000000d5d00000)
 ParOldGen       total 394240K, used 393880K [0x0000000080000000, 0x0000000098100000, 0x00000000d5580000)
  object space 394240K, 99% used [0x0000000080000000,0x00000000980a6388,0x0000000098100000)
 Metaspace       used 70731K, committed 72192K, reserved 1114112K
  class space    used 7441K, committed 8000K, reserved 1048576K
}
Event: 1611.910 GC heap after
{Heap after GC invocations=256 (full 3):
 PSYoungGen      total 5632K, used 256K [0x00000000d5580000, 0x00000000d5d80000, 0x0000000100000000)
  eden space 5120K, 0% used [0x00000000d5580000,0x00000000d5580000,0x00000000d5a80000)
  from space 512K, 50% used [0x00000000d5c80000,0x00000000d5cc0000,0x00000000d5d00000)
  to   space 512K, 0% used [0x00000000d5d00000,0x00000000d5d00000,0x00000000d5d80000)
 ParOldGen       total 394240K, used 394016K [0x0000000080000000, 0x0000000098100000, 0x00000000d5580000)
  object space 394240K, 99% used [0x0000000080000000,0x00000000980c8388,0x0000000098100000)
 Metaspace       used 70731K, committed 72192K, reserved 1114112K
  class space    used 7441K, committed 8000K, reserved 1048576K
}
Event: 1612.174 GC heap before
{Heap before GC invocations=257 (full 3):
 PSYoungGen      total 5632K, used 5376K [0x00000000d5580000, 0x00000000d5d80000, 0x0000000100000000)
  eden space 5120K, 100% used [0x00000000d5580000,0x00000000d5a80000,0x00000000d5a80000)
  from space 512K, 50% used [0x00000000d5c80000,0x00000000d5cc0000,0x00000000d5d00000)
  to   space 512K, 0% used [0x00000000d5d00000,0x00000000d5d00000,0x00000000d5d80000)
 ParOldGen       total 394240K, used 394016K [0x0000000080000000, 0x0000000098100000, 0x00000000d5580000)
  object space 394240K, 99% used [0x0000000080000000,0x00000000980c8388,0x0000000098100000)
 Metaspace       used 70749K, committed 72192K, reserved 1114112K
  class space    used 7441K, committed 8000K, reserved 1048576K
}
Event: 1612.177 GC heap after
{Heap after GC invocations=257 (full 3):
 PSYoungGen      total 5632K, used 320K [0x00000000d5580000, 0x00000000d5d80000, 0x0000000100000000)
  eden space 5120K, 0% used [0x00000000d5580000,0x00000000d5580000,0x00000000d5a80000)
  from space 512K, 62% used [0x00000000d5d00000,0x00000000d5d50000,0x00000000d5d80000)
  to   space 512K, 0% used [0x00000000d5c80000,0x00000000d5c80000,0x00000000d5d00000)
 ParOldGen       total 394240K, used 394168K [0x0000000080000000, 0x0000000098100000, 0x00000000d5580000)
  object space 394240K, 99% used [0x0000000080000000,0x00000000980ee388,0x0000000098100000)
 Metaspace       used 70749K, committed 72192K, reserved 1114112K
  class space    used 7441K, committed 8000K, reserved 1048576K
}
Event: 1612.284 GC heap before
{Heap before GC invocations=258 (full 3):
 PSYoungGen      total 5632K, used 5440K [0x00000000d5580000, 0x00000000d5d80000, 0x0000000100000000)
  eden space 5120K, 100% used [0x00000000d5580000,0x00000000d5a80000,0x00000000d5a80000)
  from space 512K, 62% used [0x00000000d5d00000,0x00000000d5d50000,0x00000000d5d80000)
  to   space 512K, 0% used [0x00000000d5c80000,0x00000000d5c80000,0x00000000d5d00000)
 ParOldGen       total 394240K, used 394168K [0x0000000080000000, 0x0000000098100000, 0x00000000d5580000)
  object space 394240K, 99% used [0x0000000080000000,0x00000000980ee388,0x0000000098100000)
 Metaspace       used 70770K, committed 72192K, reserved 1114112K
  class space    used 7441K, committed 8000K, reserved 1048576K
}
Event: 1612.286 GC heap after
{Heap after GC invocations=258 (full 3):
 PSYoungGen      total 5632K, used 224K [0x00000000d5580000, 0x00000000d5d80000, 0x0000000100000000)
  eden space 5120K, 0% used [0x00000000d5580000,0x00000000d5580000,0x00000000d5a80000)
  from space 512K, 43% used [0x00000000d5c80000,0x00000000d5cb8000,0x00000000d5d00000)
  to   space 512K, 0% used [0x00000000d5d00000,0x00000000d5d00000,0x00000000d5d80000)
 ParOldGen       total 394752K, used 394352K [0x0000000080000000, 0x0000000098180000, 0x00000000d5580000)
  object space 394752K, 99% used [0x0000000080000000,0x000000009811c388,0x0000000098180000)
 Metaspace       used 70770K, committed 72192K, reserved 1114112K
  class space    used 7441K, committed 8000K, reserved 1048576K
}
Event: 1612.422 GC heap before
{Heap before GC invocations=259 (full 3):
 PSYoungGen      total 5632K, used 5344K [0x00000000d5580000, 0x00000000d5d80000, 0x0000000100000000)
  eden space 5120K, 100% used [0x00000000d5580000,0x00000000d5a80000,0x00000000d5a80000)
  from space 512K, 43% used [0x00000000d5c80000,0x00000000d5cb8000,0x00000000d5d00000)
  to   space 512K, 0% used [0x00000000d5d00000,0x00000000d5d00000,0x00000000d5d80000)
 ParOldGen       total 394752K, used 394352K [0x0000000080000000, 0x0000000098180000, 0x00000000d5580000)
  object space 394752K, 99% used [0x0000000080000000,0x000000009811c388,0x0000000098180000)
 Metaspace       used 70774K, committed 72192K, reserved 1114112K
  class space    used 7442K, committed 8000K, reserved 1048576K
}
Event: 1612.427 GC heap after
{Heap after GC invocations=259 (full 3):
 PSYoungGen      total 5632K, used 320K [0x00000000d5580000, 0x00000000d5d80000, 0x0000000100000000)
  eden space 5120K, 0% used [0x00000000d5580000,0x00000000d5580000,0x00000000d5a80000)
  from space 512K, 62% used [0x00000000d5d00000,0x00000000d5d50000,0x00000000d5d80000)
  to   space 512K, 0% used [0x00000000d5c80000,0x00000000d5c80000,0x00000000d5d00000)
 ParOldGen       total 394752K, used 394472K [0x0000000080000000, 0x0000000098180000, 0x00000000d5580000)
  object space 394752K, 99% used [0x0000000080000000,0x000000009813a388,0x0000000098180000)
 Metaspace       used 70774K, committed 72192K, reserved 1114112K
  class space    used 7442K, committed 8000K, reserved 1048576K
}
Event: 1612.762 GC heap before
{Heap before GC invocations=260 (full 3):
 PSYoungGen      total 5632K, used 5440K [0x00000000d5580000, 0x00000000d5d80000, 0x0000000100000000)
  eden space 5120K, 100% used [0x00000000d5580000,0x00000000d5a80000,0x00000000d5a80000)
  from space 512K, 62% used [0x00000000d5d00000,0x00000000d5d50000,0x00000000d5d80000)
  to   space 512K, 0% used [0x00000000d5c80000,0x00000000d5c80000,0x00000000d5d00000)
 ParOldGen       total 394752K, used 394472K [0x0000000080000000, 0x0000000098180000, 0x00000000d5580000)
  object space 394752K, 99% used [0x0000000080000000,0x000000009813a388,0x0000000098180000)
 Metaspace       used 70854K, committed 72256K, reserved 1114112K
  class space    used 7442K, committed 8000K, reserved 1048576K
}
Event: 1612.768 GC heap after
{Heap after GC invocations=260 (full 3):
 PSYoungGen      total 5632K, used 320K [0x00000000d5580000, 0x00000000d5d80000, 0x0000000100000000)
  eden space 5120K, 0% used [0x00000000d5580000,0x00000000d5580000,0x00000000d5a80000)
  from space 512K, 62% used [0x00000000d5c80000,0x00000000d5cd0000,0x00000000d5d00000)
  to   space 512K, 0% used [0x00000000d5d00000,0x00000000d5d00000,0x00000000d5d80000)
 ParOldGen       total 394752K, used 394632K [0x0000000080000000, 0x0000000098180000, 0x00000000d5580000)
  object space 394752K, 99% used [0x0000000080000000,0x0000000098162388,0x0000000098180000)
 Metaspace       used 70854K, committed 72256K, reserved 1114112K
  class space    used 7442K, committed 8000K, reserved 1048576K
}
Event: 1613.109 GC heap before
{Heap before GC invocations=261 (full 3):
 PSYoungGen      total 5632K, used 5440K [0x00000000d5580000, 0x00000000d5d80000, 0x0000000100000000)
  eden space 5120K, 100% used [0x00000000d5580000,0x00000000d5a80000,0x00000000d5a80000)
  from space 512K, 62% used [0x00000000d5c80000,0x00000000d5cd0000,0x00000000d5d00000)
  to   space 512K, 0% used [0x00000000d5d00000,0x00000000d5d00000,0x00000000d5d80000)
 ParOldGen       total 394752K, used 394632K [0x0000000080000000, 0x0000000098180000, 0x00000000d5580000)
  object space 394752K, 99% used [0x0000000080000000,0x0000000098162388,0x0000000098180000)
 Metaspace       used 70866K, committed 72320K, reserved 1114112K
  class space    used 7442K, committed 8000K, reserved 1048576K
}
Event: 1613.113 GC heap after
{Heap after GC invocations=261 (full 3):
 PSYoungGen      total 5632K, used 352K [0x00000000d5580000, 0x00000000d5d80000, 0x0000000100000000)
  eden space 5120K, 0% used [0x00000000d5580000,0x00000000d5580000,0x00000000d5a80000)
  from space 512K, 68% used [0x00000000d5d00000,0x00000000d5d58000,0x00000000d5d80000)
  to   space 512K, 0% used [0x00000000d5c80000,0x00000000d5c80000,0x00000000d5d00000)
 ParOldGen       total 395264K, used 394800K [0x0000000080000000, 0x0000000098200000, 0x00000000d5580000)
  object space 395264K, 99% used [0x0000000080000000,0x000000009818c388,0x0000000098200000)
 Metaspace       used 70866K, committed 72320K, reserved 1114112K
  class space    used 7442K, committed 8000K, reserved 1048576K
}
Event: 1613.659 GC heap before
{Heap before GC invocations=262 (full 3):
 PSYoungGen      total 5632K, used 5472K [0x00000000d5580000, 0x00000000d5d80000, 0x0000000100000000)
  eden space 5120K, 100% used [0x00000000d5580000,0x00000000d5a80000,0x00000000d5a80000)
  from space 512K, 68% used [0x00000000d5d00000,0x00000000d5d58000,0x00000000d5d80000)
  to   space 512K, 0% used [0x00000000d5c80000,0x00000000d5c80000,0x00000000d5d00000)
 ParOldGen       total 395264K, used 394800K [0x0000000080000000, 0x0000000098200000, 0x00000000d5580000)
  object space 395264K, 99% used [0x0000000080000000,0x000000009818c388,0x0000000098200000)
 Metaspace       used 70884K, committed 72320K, reserved 1114112K
  class space    used 7442K, committed 8000K, reserved 1048576K
}
Event: 1613.666 GC heap after
{Heap after GC invocations=262 (full 3):
 PSYoungGen      total 5632K, used 320K [0x00000000d5580000, 0x00000000d5d80000, 0x0000000100000000)
  eden space 5120K, 0% used [0x00000000d5580000,0x00000000d5580000,0x00000000d5a80000)
  from space 512K, 62% used [0x00000000d5c80000,0x00000000d5cd0000,0x00000000d5d00000)
  to   space 512K, 0% used [0x00000000d5d00000,0x00000000d5d00000,0x00000000d5d80000)
 ParOldGen       total 395264K, used 394944K [0x0000000080000000, 0x0000000098200000, 0x00000000d5580000)
  object space 395264K, 99% used [0x0000000080000000,0x00000000981b0388,0x0000000098200000)
 Metaspace       used 70884K, committed 72320K, reserved 1114112K
  class space    used 7442K, committed 8000K, reserved 1048576K
}

Dll operation events (10 events):
Event: 0.040 Loaded shared library c:\Users\Dell\.vscode\extensions\redhat.java-1.53.0-win32-x64\jre\21.0.10-win32-x86_64\bin\java.dll
Event: 0.520 Loaded shared library c:\Users\Dell\.vscode\extensions\redhat.java-1.53.0-win32-x64\jre\21.0.10-win32-x86_64\bin\zip.dll
Event: 0.722 Loaded shared library C:\Users\Dell\.vscode\extensions\redhat.java-1.53.0-win32-x64\jre\21.0.10-win32-x86_64\bin\instrument.dll
Event: 0.956 Loaded shared library C:\Users\Dell\.vscode\extensions\redhat.java-1.53.0-win32-x64\jre\21.0.10-win32-x86_64\bin\net.dll
Event: 1.133 Loaded shared library C:\Users\Dell\.vscode\extensions\redhat.java-1.53.0-win32-x64\jre\21.0.10-win32-x86_64\bin\nio.dll
Event: 1.148 Loaded shared library C:\Users\Dell\.vscode\extensions\redhat.java-1.53.0-win32-x64\jre\21.0.10-win32-x86_64\bin\zip.dll
Event: 1.338 Loaded shared library C:\Users\Dell\.vscode\extensions\redhat.java-1.53.0-win32-x64\jre\21.0.10-win32-x86_64\bin\jimage.dll
Event: 3.042 Loaded shared library c:\Users\Dell\.vscode\extensions\redhat.java-1.53.0-win32-x64\jre\21.0.10-win32-x86_64\bin\verify.dll
Event: 33.770 Loaded shared library C:\Users\Dell\AppData\Roaming\Code\User\globalStorage\redhat.java\1.53.0\config_win\org.eclipse.equinox.launcher\org.eclipse.equinox.launcher.win32.win32.x86_64_1.3.0.v20260203-2149\eclipse_11919.dll
Event: 64.965 Loaded shared library C:\Users\Dell\AppData\Local\Temp\jna--903056435\jna2227894933187502290.dll

Deoptimization events (20 events):
Event: 1608.421 Thread 0x0000020714b4a1b0 Uncommon trap: trap_request=0xffffff45 fr.pc=0x00000206c2621118 relative=0x0000000000000398
Event: 1608.421 Thread 0x0000020714b4a1b0 Uncommon trap: reason=unstable_if action=reinterpret pc=0x00000206c2621118 method=org.jetbrains.java.decompiler.modules.decompiler.exps.Exprent.getAllExprents(ZLjava/util/List;)Ljava/util/List; @ 22 c2
Event: 1608.421 Thread 0x0000020714b4a1b0 DEOPT PACKING pc=0x00000206c2621118 sp=0x00000052758fde70
Event: 1608.421 Thread 0x0000020714b4a1b0 DEOPT UNPACKING pc=0x00000206c19e3aa2 sp=0x00000052758fde00 mode 2
Event: 1608.470 Thread 0x0000020714b4a1b0 Uncommon trap: trap_request=0xffffff6e fr.pc=0x00000206c264b5c4 relative=0x0000000000009724
Event: 1608.470 Thread 0x0000020714b4a1b0 Uncommon trap: reason=loop_limit_check action=maybe_recompile pc=0x00000206c264b5c4 method=org.jetbrains.java.decompiler.util.FastSparseSetFactory$FastSparseSet.changeNext([IIII)V @ 7 c2
Event: 1608.474 Thread 0x0000020714b4a1b0 DEOPT PACKING pc=0x00000206c264b5c4 sp=0x00000052758fdd80
Event: 1608.474 Thread 0x0000020714b4a1b0 DEOPT UNPACKING pc=0x00000206c19e3aa2 sp=0x00000052758fdbc8 mode 2
Event: 1611.582 Thread 0x0000020714b4a1b0 Uncommon trap: trap_request=0xffffff45 fr.pc=0x00000206c261fe20 relative=0x0000000000000100
Event: 1611.582 Thread 0x0000020714b4a1b0 Uncommon trap: reason=unstable_if action=reinterpret pc=0x00000206c261fe20 method=org.jetbrains.java.decompiler.util.SFormsFastMapDirect.get(I)Lorg/jetbrains/java/decompiler/util/FastSparseSetFactory$FastSparseSet; @ 39 c2
Event: 1611.582 Thread 0x0000020714b4a1b0 DEOPT PACKING pc=0x00000206c261fe20 sp=0x00000052758fdcd0
Event: 1611.582 Thread 0x0000020714b4a1b0 DEOPT UNPACKING pc=0x00000206c19e3aa2 sp=0x00000052758fdc48 mode 2
Event: 1611.865 Thread 0x0000020714b4a1b0 Uncommon trap: trap_request=0xffffff45 fr.pc=0x00000206c2660c60 relative=0x0000000000006280
Event: 1611.865 Thread 0x0000020714b4a1b0 Uncommon trap: reason=unstable_if action=reinterpret pc=0x00000206c2660c60 method=org.jetbrains.java.decompiler.modules.decompiler.sforms.SSAUConstructorSparseEx.processExprent(Lorg/jetbrains/java/decompiler/modules/decompiler/exps/Exprent;[Lorg/jetbrains
Event: 1611.865 Thread 0x0000020714b4a1b0 DEOPT PACKING pc=0x00000206c2660c60 sp=0x00000052758fdd80
Event: 1611.865 Thread 0x0000020714b4a1b0 DEOPT UNPACKING pc=0x00000206c19e3aa2 sp=0x00000052758fdd38 mode 2
Event: 1613.103 Thread 0x0000020714b4a1b0 Uncommon trap: trap_request=0xffffff45 fr.pc=0x00000206c26909d8 relative=0x0000000000004078
Event: 1613.104 Thread 0x0000020714b4a1b0 Uncommon trap: reason=unstable_if action=reinterpret pc=0x00000206c26909d8 method=org.jetbrains.java.decompiler.modules.decompiler.sforms.SSAConstructorSparseEx.processExprent(Lorg/jetbrains/java/decompiler/modules/decompiler/exps/Exprent;[Lorg/jetbrains/
Event: 1613.104 Thread 0x0000020714b4a1b0 DEOPT PACKING pc=0x00000206c26909d8 sp=0x00000052758fdde0
Event: 1613.104 Thread 0x0000020714b4a1b0 DEOPT UNPACKING pc=0x00000206c19e3aa2 sp=0x00000052758fdda0 mode 2

Classes loaded (20 events):
Event: 1604.341 Loading class sun/security/ssl/SSLConfiguration$CustomizedClientSignatureSchemes
Event: 1604.342 Loading class sun/security/ssl/SSLConfiguration$CustomizedClientSignatureSchemes done
Event: 1604.342 Loading class sun/security/ssl/NamedGroup$SupportedGroups
Event: 1604.343 Loading class sun/security/ssl/NamedGroup$SupportedGroups done
Event: 1604.373 Loading class java/security/AuthProvider
Event: 1604.374 Loading class java/security/AuthProvider done
Event: 1604.506 Loading class javax/security/auth/login/LoginException
Event: 1604.515 Loading class javax/security/auth/login/LoginException done
Event: 1604.516 Loading class javax/security/auth/login/FailedLoginException
Event: 1604.532 Loading class javax/security/auth/login/FailedLoginException done
Event: 1604.534 Loading class javax/security/auth/Subject
Event: 1604.552 Loading class javax/security/auth/Subject done
Event: 1604.552 Loading class javax/security/auth/callback/CallbackHandler
Event: 1604.552 Loading class javax/security/auth/callback/CallbackHandler done
Event: 1606.361 Loading class java/util/stream/DistinctOps
Event: 1606.364 Loading class java/util/stream/DistinctOps done
Event: 1606.364 Loading class java/util/stream/DistinctOps$1
Event: 1606.365 Loading class java/util/stream/DistinctOps$1 done
Event: 1606.411 Loading class java/util/stream/DistinctOps$1$2
Event: 1606.412 Loading class java/util/stream/DistinctOps$1$2 done

Classes unloaded (7 events):
Event: 66.049 Thread 0x00000206cdc20620 Unloading class 0x00000206cf1a4000 'java/lang/invoke/LambdaForm$MH+0x00000206cf1a4000'
Event: 66.049 Thread 0x00000206cdc20620 Unloading class 0x00000206cf1a3c00 'java/lang/invoke/LambdaForm$MH+0x00000206cf1a3c00'
Event: 66.049 Thread 0x00000206cdc20620 Unloading class 0x00000206cf1a3800 'java/lang/invoke/LambdaForm$MH+0x00000206cf1a3800'
Event: 66.049 Thread 0x00000206cdc20620 Unloading class 0x00000206cf1a3400 'java/lang/invoke/LambdaForm$MH+0x00000206cf1a3400'
Event: 66.049 Thread 0x00000206cdc20620 Unloading class 0x00000206cf1a3000 'java/lang/invoke/LambdaForm$BMH+0x00000206cf1a3000'
Event: 66.049 Thread 0x00000206cdc20620 Unloading class 0x00000206cf1a2c00 'java/lang/invoke/LambdaForm$DMH+0x00000206cf1a2c00'
Event: 66.049 Thread 0x00000206cdc20620 Unloading class 0x00000206cf1a1800 'java/lang/invoke/LambdaForm$DMH+0x00000206cf1a1800'

Classes redefined (0 events):
No events

Internal exceptions (20 events):
Event: 108.172 Thread 0x0000020714b445d0 Exception <a 'sun/nio/fs/WindowsException'{0x00000000d58d1e60}> (0x00000000d58d1e60) 
thrown [s\src\hotspot\share\prims\jni.cpp, line 520]
Event: 108.302 Thread 0x0000020714b445d0 Exception <a 'sun/nio/fs/WindowsException'{0x00000000d5a2f100}> (0x00000000d5a2f100) 
thrown [s\src\hotspot\share\prims\jni.cpp, line 520]
Event: 108.302 Thread 0x0000020714b445d0 Exception <a 'sun/nio/fs/WindowsException'{0x00000000d5a2fc00}> (0x00000000d5a2fc00) 
thrown [s\src\hotspot\share\prims\jni.cpp, line 520]
Event: 108.393 Thread 0x0000020714b49b20 Exception <a 'java/lang/NoSuchMethodError'{0x00000000d55dfb00}: 'java.lang.Object java.lang.invoke.DirectMethodHandle$Holder.invokeStaticInit(java.lang.Object, java.lang.Object, java.lang.Object)'> (0x00000000d55dfb00) 
thrown [s\src\hotspot\share\interpreter\linkResolver.cpp, line 773]
Event: 109.585 Thread 0x0000020714b473c0 Implicit null exception at 0x00000206c234f463 to 0x00000206c234faf0
Event: 109.769 Thread 0x0000020714b473c0 Exception <a 'java/lang/NoSuchMethodError'{0x00000000d56a52c0}: 'java.lang.Object java.lang.invoke.DirectMethodHandle$Holder.invokeStatic(java.lang.Object, int, java.lang.Object, java.lang.Object, java.lang.Object, java.lang.Object)'> (0x00000000d56a52c0) 
thrown [s\src\hotspot\share\interpreter\linkResolver.cpp, line 773]
Event: 1441.030 Thread 0x0000020714b4b560 Exception <a 'java/lang/IncompatibleClassChangeError'{0x00000000d5987478}: Found class java.lang.Object, but interface was expected> (0x00000000d5987478) 
thrown [s\src\hotspot\share\interpreter\linkResolver.cpp, line 840]
Event: 1448.749 Thread 0x0000020714b4b560 Exception <a 'java/lang/IncompatibleClassChangeError'{0x00000000d59eeab8}: Found class java.lang.Object, but interface was expected> (0x00000000d59eeab8) 
thrown [s\src\hotspot\share\interpreter\linkResolver.cpp, line 840]
Event: 1452.740 Thread 0x0000020714b4a1b0 Exception <a 'java/lang/NoSuchMethodError'{0x00000000d5ab9690}: 'java.lang.Object java.lang.invoke.DirectMethodHandle$Holder.invokeSpecial(java.lang.Object, java.lang.Object, java.lang.Object, java.lang.Object, int, java.lang.Object, java.lang.Object)'> (0x00000000d5ab9690) 
thrown [s\src\hotspot\share\interpreter\linkResolver.cpp, line 773]
Event: 1464.412 Thread 0x0000020714b4b560 Exception <a 'java/lang/IncompatibleClassChangeError'{0x00000000d5787fc0}: Found class java.lang.Object, but interface was expected> (0x00000000d5787fc0) 
thrown [s\src\hotspot\share\interpreter\linkResolver.cpp, line 840]
Event: 1470.278 Thread 0x0000020714b46010 Implicit null exception at 0x00000206c24ad6a5 to 0x00000206c24ada34
Event: 1579.388 Thread 0x0000020714b4b560 Exception <a 'java/lang/IncompatibleClassChangeError'{0x00000000d5a8d850}: Found class java.lang.Object, but interface was expected> (0x00000000d5a8d850) 
thrown [s\src\hotspot\share\interpreter\linkResolver.cpp, line 840]
Event: 1585.949 Thread 0x0000020714b49b20 Exception <a 'java/lang/ArrayIndexOutOfBoundsException'{0x00000000d5701fd0}> (0x00000000d5701fd0) 
thrown [s\src\hotspot\share\runtime\sharedRuntime.cpp, line 625]
Event: 1588.112 Thread 0x0000020714b4a1b0 Implicit null exception at 0x00000206c22005d7 to 0x00000206c2200613
Event: 1588.928 Thread 0x0000020714b473c0 Exception <a 'java/lang/LinkageError'{0x00000000d558a3d0}: loader lombok.launch.ShadowClassLoader @4af1f6f attempted duplicate class definition for lombok.launch.PatchFixesHider$ValPortal. (lombok.launch.PatchFixesHider$ValPortal is in unnamed module of loader lombok.launch.ShadowClassLoader @4af1f6f, parent loader org.eclipse.osgi.internal.loader.EquinoxClassLoader @69b2f8b8)> (0x00000000d558a3d0) 
thrown [s\src\hotspot\share\classfile\systemDictionary.cpp, line 1672]
Event: 1588.932 Thread 0x0000020714b4a1b0 Exception <a 'java/lang/LinkageError'{0x00000000d55957b0}: loader lombok.launch.ShadowClassLoader @4af1f6f attempted duplicate class definition for lombok.launch.PatchFixesHider$ValPortal. (lombok.launch.PatchFixesHider$ValPortal is in unnamed module of loader lombok.launch.ShadowClassLoader @4af1f6f, parent loader org.eclipse.osgi.internal.loader.EquinoxClassLoader @69b2f8b8)> (0x00000000d55957b0) 
thrown [s\src\hotspot\share\classfile\systemDictionary.cpp, line 1672]
Event: 1597.540 Thread 0x0000020714b49b20 Exception <a 'java/lang/NoSuchMethodError'{0x00000000d58b8280}: 'java.lang.Object java.lang.invoke.DirectMethodHandle$Holder.invokeStaticInit(java.lang.Object, java.lang.Object, int)'> (0x00000000d58b8280) 
thrown [s\src\hotspot\share\interpreter\linkResolver.cpp, line 773]
Event: 1598.877 Thread 0x0000020714b49b20 Exception <a 'sun/nio/fs/WindowsException'{0x00000000d583af18}> (0x00000000d583af18) 
thrown [s\src\hotspot\share\prims\jni.cpp, line 520]
Event: 1600.754 Thread 0x0000020714b4a1b0 Exception <a 'java/lang/NoSuchMethodError'{0x00000000d59f8f40}: 'java.lang.Object java.lang.invoke.DirectMethodHandle$Holder.invokeSpecial(java.lang.Object, java.lang.Object, java.lang.Object, int, int)'> (0x00000000d59f8f40) 
thrown [s\src\hotspot\share\interpreter\linkResolver.cpp, line 773]
Event: 1611.156 Thread 0x0000020714b4a1b0 Exception <a 'java/lang/NoSuchMethodError'{0x00000000d5836e38}: 'int java.lang.invoke.DirectMethodHandle$Holder.invokeSpecial(java.lang.Object, java.lang.Object, java.lang.Object, java.lang.Object, java.lang.Object)'> (0x00000000d5836e38) 
thrown [s\src\hotspot\share\interpreter\linkResolver.cpp, line 773]

ZGC Phase Switch (0 events):
No events

VM Operations (20 events):
Event: 1610.878 Executing safepoint VM operation: Cleanup
Event: 1610.879 Executing safepoint VM operation: Cleanup done
Event: 1610.959 Executing safepoint VM operation: ParallelGCFailedAllocation (Allocation Failure)
Event: 1610.965 Executing safepoint VM operation: ParallelGCFailedAllocation (Allocation Failure) done
Event: 1611.626 Executing safepoint VM operation: ParallelGCFailedAllocation (Allocation Failure)
Event: 1611.632 Executing safepoint VM operation: ParallelGCFailedAllocation (Allocation Failure) done
Event: 1611.906 Executing safepoint VM operation: ParallelGCFailedAllocation (Allocation Failure)
Event: 1611.910 Executing safepoint VM operation: ParallelGCFailedAllocation (Allocation Failure) done
Event: 1612.174 Executing safepoint VM operation: ParallelGCFailedAllocation (Allocation Failure)
Event: 1612.177 Executing safepoint VM operation: ParallelGCFailedAllocation (Allocation Failure) done
Event: 1612.284 Executing safepoint VM operation: ParallelGCFailedAllocation (Allocation Failure)
Event: 1612.286 Executing safepoint VM operation: ParallelGCFailedAllocation (Allocation Failure) done
Event: 1612.421 Executing safepoint VM operation: ParallelGCFailedAllocation (Allocation Failure)
Event: 1612.427 Executing safepoint VM operation: ParallelGCFailedAllocation (Allocation Failure) done
Event: 1612.762 Executing safepoint VM operation: ParallelGCFailedAllocation (Allocation Failure)
Event: 1612.768 Executing safepoint VM operation: ParallelGCFailedAllocation (Allocation Failure) done
Event: 1613.109 Executing safepoint VM operation: ParallelGCFailedAllocation (Allocation Failure)
Event: 1613.113 Executing safepoint VM operation: ParallelGCFailedAllocation (Allocation Failure) done
Event: 1613.659 Executing safepoint VM operation: ParallelGCFailedAllocation (Allocation Failure)
Event: 1613.666 Executing safepoint VM operation: ParallelGCFailedAllocation (Allocation Failure) done

Memory protections (0 events):
No events

Nmethod flushes (20 events):
Event: 85.041 Thread 0x00000206cdc20620 flushing  nmethod 0x00000206bad65e90
Event: 85.041 Thread 0x00000206cdc20620 flushing  nmethod 0x00000206bad73b10
Event: 85.041 Thread 0x00000206cdc20620 flushing  nmethod 0x00000206bad74690
Event: 85.041 Thread 0x00000206cdc20620 flushing  nmethod 0x00000206bad75110
Event: 85.041 Thread 0x00000206cdc20620 flushing  nmethod 0x00000206bad75490
Event: 85.041 Thread 0x00000206cdc20620 flushing  nmethod 0x00000206bad7a010
Event: 85.041 Thread 0x00000206cdc20620 flushing  nmethod 0x00000206bad7ab10
Event: 85.041 Thread 0x00000206cdc20620 flushing  nmethod 0x00000206bad7b490
Event: 85.041 Thread 0x00000206cdc20620 flushing  nmethod 0x00000206bad7e390
Event: 85.041 Thread 0x00000206cdc20620 flushing  nmethod 0x00000206bad92610
Event: 85.041 Thread 0x00000206cdc20620 flushing  nmethod 0x00000206bad92d90
Event: 85.041 Thread 0x00000206cdc20620 flushing  nmethod 0x00000206bad93210
Event: 85.041 Thread 0x00000206cdc20620 flushing  nmethod 0x00000206bad93590
Event: 85.041 Thread 0x00000206cdc20620 flushing  nmethod 0x00000206bad93e10
Event: 85.041 Thread 0x00000206cdc20620 flushing  nmethod 0x00000206bad94210
Event: 85.041 Thread 0x00000206cdc20620 flushing  nmethod 0x00000206bad94590
Event: 85.041 Thread 0x00000206cdc20620 flushing  nmethod 0x00000206bad94b10
Event: 85.041 Thread 0x00000206cdc20620 flushing  nmethod 0x00000206bad94f10
Event: 85.041 Thread 0x00000206cdc20620 flushing  nmethod 0x00000206bad97990
Event: 85.041 Thread 0x00000206cdc20620 flushing  nmethod 0x00000206bad97d90

Events (20 events):
Event: 84.078 Thread 0x000002070fbc3950 Thread added: 0x0000020714b4a1b0
Event: 84.211 Thread 0x000002070fbc3950 Thread added: 0x0000020714b47a50
Event: 84.507 Thread 0x0000020714b4a1b0 Thread exited: 0x0000020714b4a1b0
Event: 84.516 Thread 0x0000020714b47a50 Thread exited: 0x0000020714b47a50
Event: 86.568 Thread 0x000002070fbc32c0 Thread added: 0x0000020714b4a1b0
Event: 88.382 Thread 0x00000206cdc50600 Thread added: 0x00000207177efc40
Event: 92.635 Thread 0x00000207177efc40 Thread exited: 0x00000207177efc40
Event: 109.197 Thread 0x0000020714b473c0 Thread added: 0x0000020714b47a50
Event: 166.756 Thread 0x000002070fbc32c0 Thread exited: 0x000002070fbc32c0
Event: 167.181 Thread 0x0000020714b4a1b0 Thread exited: 0x0000020714b4a1b0
Event: 168.710 Thread 0x000002070fbc3950 Thread exited: 0x000002070fbc3950
Event: 168.724 Thread 0x0000020714b4a840 Thread exited: 0x0000020714b4a840
Event: 170.036 Thread 0x0000020714b473c0 Thread exited: 0x0000020714b473c0
Event: 230.052 Thread 0x0000020714b49b20 Thread exited: 0x0000020714b49b20
Event: 290.068 Thread 0x0000020714b445d0 Thread exited: 0x0000020714b445d0
Event: 1428.880 Thread 0x0000020714b4b560 Thread added: 0x0000020714b473c0
Event: 1445.451 Thread 0x0000020714b473c0 Thread added: 0x0000020714b49b20
Event: 1448.703 Thread 0x0000020714b4b560 Thread added: 0x0000020714b4a1b0
Event: 1456.779 Thread 0x0000020714b46010 Thread added: 0x0000020714b4a840
Event: 1539.837 Thread 0x0000020714b46010 Thread exited: 0x0000020714b46010


Dynamic libraries:
0x00007ff796bf0000 - 0x00007ff796bfe000 	c:\Users\Dell\.vscode\extensions\redhat.java-1.53.0-win32-x64\jre\21.0.10-win32-x86_64\bin\java.exe
0x00007ffbbd030000 - 0x00007ffbbd228000 	C:\Windows\SYSTEM32\ntdll.dll
0x00007ffbbb0e0000 - 0x00007ffbbb1a2000 	C:\Windows\System32\KERNEL32.DLL
0x00007ffbbab40000 - 0x00007ffbbae36000 	C:\Windows\System32\KERNELBASE.dll
0x00007ffbba770000 - 0x00007ffbba870000 	C:\Windows\System32\ucrtbase.dll
0x00007ffbb0150000 - 0x00007ffbb0168000 	c:\Users\Dell\.vscode\extensions\redhat.java-1.53.0-win32-x64\jre\21.0.10-win32-x86_64\bin\jli.dll
0x00007ffbb0320000 - 0x00007ffbb033e000 	c:\Users\Dell\.vscode\extensions\redhat.java-1.53.0-win32-x64\jre\21.0.10-win32-x86_64\bin\VCRUNTIME140.dll
0x00007ffbbccf0000 - 0x00007ffbbce91000 	C:\Windows\System32\USER32.dll
0x00007ffbbae40000 - 0x00007ffbbae62000 	C:\Windows\System32\win32u.dll
0x00007ffbbbaa0000 - 0x00007ffbbbacb000 	C:\Windows\System32\GDI32.dll
0x00007ffbba870000 - 0x00007ffbba989000 	C:\Windows\System32\gdi32full.dll
0x00007ffbbae70000 - 0x00007ffbbaf0d000 	C:\Windows\System32\msvcp_win.dll
0x00007ffba6d30000 - 0x00007ffba6fcb000 	C:\Windows\WinSxS\amd64_microsoft.windows.common-controls_6595b64144ccf1df_6.0.19041.6456_none_60b8a6cb71f64256\COMCTL32.dll
0x00007ffbbcea0000 - 0x00007ffbbcf3e000 	C:\Windows\System32\msvcrt.dll
0x00007ffbbc8a0000 - 0x00007ffbbc8cf000 	C:\Windows\System32\IMM32.DLL
0x00007ffbb54a0000 - 0x00007ffbb54ac000 	c:\Users\Dell\.vscode\extensions\redhat.java-1.53.0-win32-x64\jre\21.0.10-win32-x86_64\bin\vcruntime140_1.dll
0x00007ffb87fe0000 - 0x00007ffb8806d000 	c:\Users\Dell\.vscode\extensions\redhat.java-1.53.0-win32-x64\jre\21.0.10-win32-x86_64\bin\msvcp140.dll
0x00007ffb5be40000 - 0x00007ffb5cbe1000 	c:\Users\Dell\.vscode\extensions\redhat.java-1.53.0-win32-x64\jre\21.0.10-win32-x86_64\bin\server\jvm.dll
0x00007ffbbc8d0000 - 0x00007ffbbc981000 	C:\Windows\System32\ADVAPI32.dll
0x00007ffbbbad0000 - 0x00007ffbbbb6f000 	C:\Windows\System32\sechost.dll
0x00007ffbbca20000 - 0x00007ffbbcb40000 	C:\Windows\System32\RPCRT4.dll
0x00007ffbba740000 - 0x00007ffbba767000 	C:\Windows\System32\bcrypt.dll
0x00007ffbbc1b0000 - 0x00007ffbbc21b000 	C:\Windows\System32\WS2_32.dll
0x00007ffbba520000 - 0x00007ffbba56b000 	C:\Windows\SYSTEM32\POWRPROF.dll
0x00007ffba7070000 - 0x00007ffba7097000 	C:\Windows\SYSTEM32\WINMM.dll
0x00007ffbb4ba0000 - 0x00007ffbb4baa000 	C:\Windows\SYSTEM32\VERSION.dll
0x00007ffbba500000 - 0x00007ffbba512000 	C:\Windows\SYSTEM32\UMPDC.dll
0x00007ffbb8e90000 - 0x00007ffbb8ea2000 	C:\Windows\SYSTEM32\kernel.appcore.dll
0x00007ffbb5310000 - 0x00007ffbb531a000 	c:\Users\Dell\.vscode\extensions\redhat.java-1.53.0-win32-x64\jre\21.0.10-win32-x86_64\bin\jimage.dll
0x00007ffbb83b0000 - 0x00007ffbb85b1000 	C:\Windows\SYSTEM32\DBGHELP.DLL
0x00007ffbb27d0000 - 0x00007ffbb2804000 	C:\Windows\SYSTEM32\dbgcore.DLL
0x00007ffbbaf10000 - 0x00007ffbbaf92000 	C:\Windows\System32\bcryptPrimitives.dll
0x00007ffbb5260000 - 0x00007ffbb526f000 	c:\Users\Dell\.vscode\extensions\redhat.java-1.53.0-win32-x64\jre\21.0.10-win32-x86_64\bin\instrument.dll
0x00007ffbac610000 - 0x00007ffbac630000 	c:\Users\Dell\.vscode\extensions\redhat.java-1.53.0-win32-x64\jre\21.0.10-win32-x86_64\bin\java.dll
0x00007ffbbb1b0000 - 0x00007ffbbb920000 	C:\Windows\System32\SHELL32.dll
0x00007ffbb85c0000 - 0x00007ffbb8d65000 	C:\Windows\SYSTEM32\windows.storage.dll
0x00007ffbbbb90000 - 0x00007ffbbbee4000 	C:\Windows\System32\combase.dll
0x00007ffbb9f30000 - 0x00007ffbb9f5b000 	C:\Windows\SYSTEM32\Wldp.dll
0x00007ffbbb9d0000 - 0x00007ffbbba9d000 	C:\Windows\System32\OLEAUT32.dll
0x00007ffbbb920000 - 0x00007ffbbb9cd000 	C:\Windows\System32\SHCORE.dll
0x00007ffbbcc80000 - 0x00007ffbbccdb000 	C:\Windows\System32\shlwapi.dll
0x00007ffbba5f0000 - 0x00007ffbba614000 	C:\Windows\SYSTEM32\profapi.dll
0x00007ffbab3d0000 - 0x00007ffbab3e8000 	c:\Users\Dell\.vscode\extensions\redhat.java-1.53.0-win32-x64\jre\21.0.10-win32-x86_64\bin\zip.dll
0x00007ffbb47c0000 - 0x00007ffbb47d0000 	C:\Users\Dell\.vscode\extensions\redhat.java-1.53.0-win32-x64\jre\21.0.10-win32-x86_64\bin\net.dll
0x00007ffbac2c0000 - 0x00007ffbac3ca000 	C:\Windows\SYSTEM32\WINHTTP.dll
0x00007ffbb9d10000 - 0x00007ffbb9d7a000 	C:\Windows\system32\mswsock.dll
0x00007ffbaa4b0000 - 0x00007ffbaa4c6000 	C:\Users\Dell\.vscode\extensions\redhat.java-1.53.0-win32-x64\jre\21.0.10-win32-x86_64\bin\nio.dll
0x00007ffbb4330000 - 0x00007ffbb4340000 	c:\Users\Dell\.vscode\extensions\redhat.java-1.53.0-win32-x64\jre\21.0.10-win32-x86_64\bin\verify.dll
0x00007ffb9ab00000 - 0x00007ffb9ab45000 	C:\Users\Dell\AppData\Roaming\Code\User\globalStorage\redhat.java\1.53.0\config_win\org.eclipse.equinox.launcher\org.eclipse.equinox.launcher.win32.win32.x86_64_1.3.0.v20260203-2149\eclipse_11919.dll
0x00007ffbbc020000 - 0x00007ffbbc14b000 	C:\Windows\System32\ole32.dll
0x00007ffbb9f70000 - 0x00007ffbb9f88000 	C:\Windows\SYSTEM32\CRYPTSP.dll
0x00007ffbb9650000 - 0x00007ffbb9688000 	C:\Windows\system32\rsaenh.dll
0x00007ffbba570000 - 0x00007ffbba59e000 	C:\Windows\SYSTEM32\USERENV.dll
0x00007ffbb9ea0000 - 0x00007ffbb9eac000 	C:\Windows\SYSTEM32\CRYPTBASE.dll
0x00007ffbb9a10000 - 0x00007ffbb9a4b000 	C:\Windows\SYSTEM32\IPHLPAPI.DLL
0x00007ffbbbef0000 - 0x00007ffbbbef8000 	C:\Windows\System32\NSI.dll
0x00007ffba4410000 - 0x00007ffba4459000 	C:\Users\Dell\AppData\Local\Temp\jna--903056435\jna2227894933187502290.dll
0x00007ffbbcce0000 - 0x00007ffbbcce8000 	C:\Windows\System32\PSAPI.DLL
0x00007ffbb3310000 - 0x00007ffbb3327000 	C:\Windows\SYSTEM32\dhcpcsvc6.DLL
0x00007ffbb32f0000 - 0x00007ffbb330d000 	C:\Windows\SYSTEM32\dhcpcsvc.DLL
0x00007ffbaa4a0000 - 0x00007ffbaa4ae000 	C:\Users\Dell\.vscode\extensions\redhat.java-1.53.0-win32-x64\jre\21.0.10-win32-x86_64\bin\sunmscapi.dll
0x00007ffbba990000 - 0x00007ffbbaaed000 	C:\Windows\System32\CRYPT32.dll
0x00007ffbba080000 - 0x00007ffbba0a7000 	C:\Windows\SYSTEM32\ncrypt.dll
0x00007ffbba040000 - 0x00007ffbba07b000 	C:\Windows\SYSTEM32\NTASN1.dll

JVMTI agents:
c:\Users\Dell\.vscode\extensions\redhat.java-1.53.0-win32-x64\lombok\lombok-1.18.39-4050.jar path:c:\Users\Dell\.vscode\extensions\redhat.java-1.53.0-win32-x64\jre\21.0.10-win32-x86_64\bin\instrument.dll, loaded, initialized, instrumentlib options:none

dbghelp: loaded successfully - version: 4.0.5 - missing functions: none
symbol engine: initialized successfully - sym options: 0x614 - pdb path: .;c:\Users\Dell\.vscode\extensions\redhat.java-1.53.0-win32-x64\jre\21.0.10-win32-x86_64\bin;C:\Windows\SYSTEM32;C:\Windows\WinSxS\amd64_microsoft.windows.common-controls_6595b64144ccf1df_6.0.19041.6456_none_60b8a6cb71f64256;c:\Users\Dell\.vscode\extensions\redhat.java-1.53.0-win32-x64\jre\21.0.10-win32-x86_64\bin\server;C:\Users\Dell\AppData\Roaming\Code\User\globalStorage\redhat.java\1.53.0\config_win\org.eclipse.equinox.launcher\org.eclipse.equinox.launcher.win32.win32.x86_64_1.3.0.v20260203-2149;C:\Users\Dell\AppData\Local\Temp\jna--903056435

VM Arguments:
jvm_args: --add-modules=ALL-SYSTEM --add-opens=java.base/java.util=ALL-UNNAMED --add-opens=java.base/java.lang=ALL-UNNAMED --add-opens=java.base/sun.nio.fs=ALL-UNNAMED -Declipse.application=org.eclipse.jdt.ls.core.id1 -Dosgi.bundles.defaultStartLevel=4 -Declipse.product=org.eclipse.jdt.ls.core.product -Djava.import.generatesMetadataFilesAtProjectRoot=false -DDetectVMInstallationsJob.disabled=true -Dfile.encoding=utf8 -XX:+UseParallelGC -XX:GCTimeRatio=4 -XX:AdaptiveSizePolicyWeight=90 -Dsun.zip.disableMemoryMapping=true -Xmx2G -Xms100m -Xlog:disable -javaagent:c:\Users\Dell\.vscode\extensions\redhat.java-1.53.0-win32-x64\lombok\lombok-1.18.39-4050.jar -XX:+HeapDumpOnOutOfMemoryError -XX:HeapDumpPath=c:\Users\Dell\AppData\Roaming\Code\User\workspaceStorage\60503ddf47c8d823d6f766ead4390854\redhat.java -Daether.dependencyCollector.impl=bf 
java_command: c:\Users\Dell\.vscode\extensions\redhat.java-1.53.0-win32-x64\server\plugins\org.eclipse.equinox.launcher_1.7.100.v20251111-0406.jar -configuration c:\Users\Dell\AppData\Roaming\Code\User\globalStorage\redhat.java\1.53.0\config_win -data c:\Users\Dell\AppData\Roaming\Code\User\workspaceStorage\60503ddf47c8d823d6f766ead4390854\redhat.java\jdt_ws --pipe=\\.\pipe\lsp-75f622f979bf6209890ee6ce84447017-sock
java_class_path (initial): c:\Users\Dell\.vscode\extensions\redhat.java-1.53.0-win32-x64\server\plugins\org.eclipse.equinox.launcher_1.7.100.v20251111-0406.jar
Launcher Type: SUN_STANDARD

[Global flags]
    uintx AdaptiveSizePolicyWeight                 = 90                                        {product} {command line}
     intx CICompilerCount                          = 3                                         {product} {ergonomic}
    uintx GCTimeRatio                              = 4                                         {product} {command line}
     bool HeapDumpOnOutOfMemoryError               = true                                   {manageable} {command line}
    ccstr HeapDumpPath                             = c:\Users\Dell\AppData\Roaming\Code\User\workspaceStorage\60503ddf47c8d823d6f766ead4390854\redhat.java         {manageable} {command line}
   size_t InitialHeapSize                          = 104857600                                 {product} {command line}
   size_t MaxHeapSize                              = 2147483648                                {product} {command line}
   size_t MaxNewSize                               = 715653120                                 {product} {ergonomic}
   size_t MinHeapDeltaBytes                        = 524288                                    {product} {ergonomic}
   size_t MinHeapSize                              = 104857600                                 {product} {command line}
   size_t NewSize                                  = 34603008                                  {product} {ergonomic}
    uintx NonNMethodCodeHeapSize                   = 5832780                                {pd product} {ergonomic}
    uintx NonProfiledCodeHeapSize                  = 122912730                              {pd product} {ergonomic}
   size_t OldSize                                  = 70254592                                  {product} {ergonomic}
    uintx ProfiledCodeHeapSize                     = 122912730                              {pd product} {ergonomic}
    uintx ReservedCodeCacheSize                    = 251658240                              {pd product} {ergonomic}
     bool SegmentedCodeCache                       = true                                      {product} {ergonomic}
   size_t SoftMaxHeapSize                          = 2147483648                             {manageable} {ergonomic}
     bool UseCompressedOops                        = true                           {product lp64_product} {ergonomic}
     bool UseLargePagesIndividualAllocation        = false                                  {pd product} {ergonomic}
     bool UseParallelGC                            = true                                      {product} {command line}

Logging:
Log output configuration:
 #0: stdout all=off uptime,level,tags foldmultilines=false
 #1: stderr all=off uptime,level,tags foldmultilines=false

Release file:
JAVA_VERSION="21.0.10" 
MODULES="java.base java.compiler java.datatransfer java.xml java.prefs java.desktop java.instrument java.logging java.management java.security.sasl java.naming java.rmi java.management.rmi java.net.http java.scripting java.security.jgss java.transaction.xa java.sql java.sql.rowset java.xml.crypto java.se java.smartcardio jdk.accessibility jdk.internal.jvmstat jdk.attach jdk.charsets jdk.internal.opt jdk.zipfs jdk.compiler jdk.crypto.ec jdk.crypto.cryptoki jdk.crypto.mscapi jdk.dynalink jdk.internal.ed jdk.editpad jdk.hotspot.agent jdk.httpserver jdk.internal.le jdk.internal.vm.ci jdk.internal.vm.compiler jdk.internal.vm.compiler.management jdk.jartool jdk.javadoc jdk.jcmd jdk.management jdk.management.agent jdk.jconsole jdk.jdeps jdk.jdwp.agent jdk.jdi jdk.jfr jdk.jshell jdk.jsobject jdk.jstatd jdk.localedata jdk.management.jfr jdk.naming.dns jdk.naming.rmi jdk.net jdk.nio.mapmode jdk.random jdk.sctp jdk.security.auth jdk.security.jgss jdk.unsupported jdk.unsupported.desktop jdk.xml.dom" 

Environment Variables:
PATH=C:\Users\Dell\AppData\Local\Programs\Microsoft VS Code;C:\Program Files\Microsoft SDKs\Azure\CLI2\wbin;C:\Python314\Scripts\;C:\Python314\;C:\Program Files\Common Files\Oracle\Java\javapath;C:\Program Files (x86)\VMware\VMware Workstation\bin\;C:\Windows\system32;C:\Windows;C:\Windows\System32\Wbem;C:\Windows\System32\WindowsPowerShell\v1.0\;C:\Windows\System32\OpenSSH\;C:\Program Files\PuTTY\;C:\Program Files\Git\cmd;C:\Program Files\Docker\Docker\resources\bin;C:\Program Files\nodejs\;C:\ProgramData\chocolatey\bin;C:\Maven\apache-maven-3.9.14\bin;C:\Users\Dell\Downloads\terraform_1.14.7_windows_386;C:\Users\Dell\AppData\Local\Programs\Python\Python312\Scripts\;C:\Users\Dell\AppData\Local\Programs\Python\Python312\;C:\Users\Dell\AppData\Local\Microsoft\WindowsApps;C:\Users\Dell\AppData\Local\Programs\Microsoft VS Code\bin;C:\Users\Dell\AppData\Roaming\npm
USERNAME=shruti
OS=Windows_NT
PROCESSOR_IDENTIFIER=Intel64 Family 6 Model 78 Stepping 3, GenuineIntel
TMP=C:\Users\Dell\AppData\Local\Temp
TEMP=C:\Users\Dell\AppData\Local\Temp




Periodic native trim disabled

---------------  S Y S T E M  ---------------

OS:
 Windows 10 , 64 bit Build 19041 (10.0.19041.5915)
OS uptime: 20 days 11:16 hours
Hyper-V role detected

CPU: total 4 (initial active 4) (2 cores per cpu, 2 threads per core) family 6 model 78 stepping 3 microcode 0xcc, cx8, cmov, fxsr, ht, mmx, 3dnowpref, sse, sse2, sse3, ssse3, sse4.1, sse4.2, popcnt, lzcnt, tsc, tscinvbit, avx, avx2, aes, erms, clmul, bmi1, bmi2, adx, fma, vzeroupper, clflush, clflushopt, hv, rdtscp, f16c
Processor Information for the first 4 processors :
  Max Mhz: 2000, Current Mhz: 2000, Mhz Limit: 2000

Memory: 4k page, system-wide physical 3961M (41M free)
TotalPageFile size 16249M (AvailPageFile size 51M)
current process WorkingSet (physical memory assigned to process): 159M, peak: 440M
current process commit charge ("private bytes"): 667M, peak: 676M

vm_info: OpenJDK 64-Bit Server VM (21.0.10+7-LTS) for windows-amd64 JRE (21.0.10+7-LTS), built on 2026-01-20T00:00:00Z by "admin" with MS VC++ 17.12 (VS2022)

END.
